# JRE version: Java(TM) SE Runtime Environment (8.0_74-b02) (build 1.8.0_74-b02)
# Java VM: Java HotSpot(TM) 64-Bit Server VM (25.74-b02 mixed mode windows-amd64 compressed oops)
Heap:
 PSYoungGen      total 210432K, used 11090K [0x00000000eab00000, 0x00000000fec80000, 0x0000000100000000)
  eden space 196096K, 0% used [0x00000000eab00000,0x00000000eab00000,0x00000000f6a80000)
  from space 14336K, 77% used [0x00000000f6a80000,0x00000000f7554a18,0x00000000f7880000)
  to   space 15360K, 0% used [0x00000000fdd80000,0x00000000fdd80000,0x00000000fec80000)
 ParOldGen       total 57344K, used 12097K [0x00000000c0000000, 0x00000000c3800000, 0x00000000eab00000)
  object space 57344K, 21% used [0x00000000c0000000,0x00000000c0bd0490,0x00000000c3800000)
 Metaspace       used 34613K, capacity 35396K, committed 35496K, reserved 1079296K
  class space    used 4632K, capacity 4840K, committed 4864K, reserved 1048576K
GC Heap History (10 events):
Event: 3.355 GC heap after
Heap after GC invocations=6 (full 1):
 PSYoungGen      total 71680K, used 2216K [0x00000000eab00000, 0x00000000f3300000, 0x0000000100000000)
  eden space 66560K, 0% used [0x00000000eab00000,0x00000000eab00000,0x00000000eec00000)
  from space 5120K, 43% used [0x00000000eec00000,0x00000000eee2a288,0x00000000ef100000)
  to   space 11264K, 0% used [0x00000000f2800000,0x00000000f2800000,0x00000000f3300000)
 ParOldGen       total 57344K, used 8202K [0x00000000c0000000, 0x00000000c3800000, 0x00000000eab00000)
  object space 57344K, 14% used [0x00000000c0000000,0x00000000c08028f8,0x00000000c3800000)
 Metaspace       used 22336K, capacity 22778K, committed 23040K, reserved 1069056K
  class space    used 2856K, capacity 2994K, committed 3072K, reserved 1048576K
}
Event: 3.541 GC heap before
{Heap before GC invocations=7 (full 1):
 PSYoungGen      total 71680K, used 68776K [0x00000000eab00000, 0x00000000f3300000, 0x0000000100000000)
  eden space 66560K, 100% used [0x00000000eab00000,0x00000000eec00000,0x00000000eec00000)
  from space 5120K, 43% used [0x00000000eec00000,0x00000000eee2a288,0x00000000ef100000)
  to   space 11264K, 0% used [0x00000000f2800000,0x00000000f2800000,0x00000000f3300000)
 ParOldGen       total 57344K, used 8202K [0x00000000c0000000, 0x00000000c3800000, 0x00000000eab00000)
  object space 57344K, 14% used [0x00000000c0000000,0x00000000c08028f8,0x00000000c3800000)
 Metaspace       used 22357K, capacity 22778K, committed 23040K, reserved 1069056K
  class space    used 2856K, capacity 2994K, committed 3072K, reserved 1048576K
Event: 3.551 GC heap after
Heap after GC invocations=7 (full 1):
 PSYoungGen      total 128000K, used 2320K [0x00000000eab00000, 0x00000000f3300000, 0x0000000100000000)
  eden space 116736K, 0% used [0x00000000eab00000,0x00000000eab00000,0x00000000f1d00000)
  from space 11264K, 20% used [0x00000000f2800000,0x00000000f2a44040,0x00000000f3300000)
  to   space 11264K, 0% used [0x00000000f1d00000,0x00000000f1d00000,0x00000000f2800000)
 ParOldGen       total 57344K, used 8202K [0x00000000c0000000, 0x00000000c3800000, 0x00000000eab00000)
  object space 57344K, 14% used [0x00000000c0000000,0x00000000c08028f8,0x00000000c3800000)
 Metaspace       used 22357K, capacity 22778K, committed 23040K, reserved 1069056K
  class space    used 2856K, capacity 2994K, committed 3072K, reserved 1048576K
}
Event: 4.245 GC heap before
{Heap before GC invocations=8 (full 1):
 PSYoungGen      total 128000K, used 119056K [0x00000000eab00000, 0x00000000f3300000, 0x0000000100000000)
  eden space 116736K, 100% used [0x00000000eab00000,0x00000000f1d00000,0x00000000f1d00000)
  from space 11264K, 20% used [0x00000000f2800000,0x00000000f2a44040,0x00000000f3300000)
  to   space 11264K, 0% used [0x00000000f1d00000,0x00000000f1d00000,0x00000000f2800000)
 ParOldGen       total 57344K, used 8202K [0x00000000c0000000, 0x00000000c3800000, 0x00000000eab00000)
  object space 57344K, 14% used [0x00000000c0000000,0x00000000c08028f8,0x00000000c3800000)
 Metaspace       used 25092K, capacity 25626K, committed 25728K, reserved 1071104K
  class space    used 3276K, capacity 3443K, committed 3456K, reserved 1048576K
Event: 4.256 GC heap after
Heap after GC invocations=8 (full 1):
 PSYoungGen      total 128000K, used 7030K [0x00000000eab00000, 0x00000000f8500000, 0x0000000100000000)
  eden space 116736K, 0% used [0x00000000eab00000,0x00000000eab00000,0x00000000f1d00000)
  from space 11264K, 62% used [0x00000000f1d00000,0x00000000f23dd858,0x00000000f2800000)
  to   space 11264K, 0% used [0x00000000f7a00000,0x00000000f7a00000,0x00000000f8500000)
 ParOldGen       total 57344K, used 8210K [0x00000000c0000000, 0x00000000c3800000, 0x00000000eab00000)
  object space 57344K, 14% used [0x00000000c0000000,0x00000000c08048f8,0x00000000c3800000)
 Metaspace       used 25092K, capacity 25626K, committed 25728K, reserved 1071104K
  class space    used 3276K, capacity 3443K, committed 3456K, reserved 1048576K
}
Event: 5.762 GC heap before
{Heap before GC invocations=9 (full 1):
 PSYoungGen      total 128000K, used 123766K [0x00000000eab00000, 0x00000000f8500000, 0x0000000100000000)
  eden space 116736K, 100% used [0x00000000eab00000,0x00000000f1d00000,0x00000000f1d00000)
  from space 11264K, 62% used [0x00000000f1d00000,0x00000000f23dd858,0x00000000f2800000)
  to   space 11264K, 0% used [0x00000000f7a00000,0x00000000f7a00000,0x00000000f8500000)
 ParOldGen       total 57344K, used 8210K [0x00000000c0000000, 0x00000000c3800000, 0x00000000eab00000)
  object space 57344K, 14% used [0x00000000c0000000,0x00000000c08048f8,0x00000000c3800000)
 Metaspace       used 32014K, capacity 32888K, committed 33152K, reserved 1077248K
  class space    used 4220K, capacity 4453K, committed 4480K, reserved 1048576K
Event: 5.778 GC heap after
Heap after GC invocations=9 (full 1):
 PSYoungGen      total 207360K, used 11251K [0x00000000eab00000, 0x00000000f8680000, 0x0000000100000000)
  eden space 196096K, 0% used [0x00000000eab00000,0x00000000eab00000,0x00000000f6a80000)
  from space 11264K, 99% used [0x00000000f7a00000,0x00000000f84fce00,0x00000000f8500000)
  to   space 14336K, 0% used [0x00000000f6a80000,0x00000000f6a80000,0x00000000f7880000)
 ParOldGen       total 57344K, used 10909K [0x00000000c0000000, 0x00000000c3800000, 0x00000000eab00000)
  object space 57344K, 19% used [0x00000000c0000000,0x00000000c0aa7440,0x00000000c3800000)
 Metaspace       used 32014K, capacity 32888K, committed 33152K, reserved 1077248K
  class space    used 4220K, capacity 4453K, committed 4480K, reserved 1048576K
}
Event: 6.092 GC heap before
{Heap before GC invocations=10 (full 1):
 PSYoungGen      total 207360K, used 41481K [0x00000000eab00000, 0x00000000f8680000, 0x0000000100000000)
  eden space 196096K, 15% used [0x00000000eab00000,0x00000000ec885860,0x00000000f6a80000)
  from space 11264K, 99% used [0x00000000f7a00000,0x00000000f84fce00,0x00000000f8500000)
  to   space 14336K, 0% used [0x00000000f6a80000,0x00000000f6a80000,0x00000000f7880000)
 ParOldGen       total 57344K, used 10909K [0x00000000c0000000, 0x00000000c3800000, 0x00000000eab00000)
  object space 57344K, 19% used [0x00000000c0000000,0x00000000c0aa7440,0x00000000c3800000)
 Metaspace       used 34613K, capacity 35396K, committed 35496K, reserved 1079296K
  class space    used 4632K, capacity 4840K, committed 4864K, reserved 1048576K
Event: 6.222 GC heap after
Heap after GC invocations=10 (full 1):
 PSYoungGen      total 210432K, used 11090K [0x00000000eab00000, 0x00000000fec80000, 0x0000000100000000)
  eden space 196096K, 0% used [0x00000000eab00000,0x00000000eab00000,0x00000000f6a80000)
  from space 14336K, 77% used [0x00000000f6a80000,0x00000000f7554a18,0x00000000f7880000)
  to   space 15360K, 0% used [0x00000000fdd80000,0x00000000fdd80000,0x00000000fec80000)
 ParOldGen       total 57344K, used 12097K [0x00000000c0000000, 0x00000000c3800000, 0x00000000eab00000)
  object space 57344K, 21% used [0x00000000c0000000,0x00000000c0bd0490,0x00000000c3800000)
 Metaspace       used 34613K, capacity 35396K, committed 35496K, reserved 1079296K
  class space    used 4632K, capacity 4840K, committed 4864K, reserved 1048576K
}
Event: 6.222 GC heap before
{Heap before GC invocations=11 (full 2):
 PSYoungGen      total 210432K, used 11090K [0x00000000eab00000, 0x00000000fec80000, 0x0000000100000000)
  eden space 196096K, 0% used [0x00000000eab00000,0x00000000eab00000,0x00000000f6a80000)
  from space 14336K, 77% used [0x00000000f6a80000,0x00000000f7554a18,0x00000000f7880000)
  to   space 15360K, 0% used [0x00000000fdd80000,0x00000000fdd80000,0x00000000fec80000)
 ParOldGen       total 57344K, used 12097K [0x00000000c0000000, 0x00000000c3800000, 0x00000000eab00000)
  object space 57344K, 21% used [0x00000000c0000000,0x00000000c0bd0490,0x00000000c3800000)
 Metaspace       used 34613K, capacity 35396K, committed 35496K, reserved 1079296K
  class space    used 4632K, capacity 4840K, committed 4864K, reserved 1048576K

