# JRE version: Java(TM) SE Runtime Environment (8.0_74-b02) (build 1.8.0_74-b02)
# Java VM: Java HotSpot(TM) 64-Bit Server VM (25.74-b02 mixed mode windows-amd64 compressed oops)
Heap:
 PSYoungGen      total 327680K, used 54799K [0x00000000eab00000, 0x0000000100000000, 0x0000000100000000)
  eden space 305664K, 17% used [0x00000000eab00000,0x00000000ee083c18,0x00000000fd580000)
  from space 22016K, 0% used [0x00000000fea80000,0x00000000fea80000,0x0000000100000000)
  to   space 21504K, 0% used [0x00000000fd580000,0x00000000fd580000,0x00000000fea80000)
 ParOldGen       total 93184K, used 32732K [0x00000000c0000000, 0x00000000c5b00000, 0x00000000eab00000)
  object space 93184K, 35% used [0x00000000c0000000,0x00000000c1ff7030,0x00000000c5b00000)
 Metaspace       used 62416K, capacity 66584K, committed 73472K, reserved 1114112K
  class space    used 7722K, capacity 7991K, committed 9728K, reserved 1048576K
GC Heap History (10 events):
Event: 13965.852 GC heap before
{Heap before GC invocations=63 (full 23):
 PSYoungGen      total 322560K, used 18412K [0x00000000eab00000, 0x0000000100000000, 0x0000000100000000)
  eden space 304128K, 0% used [0x00000000eab00000,0x00000000eab00000,0x00000000fd400000)
  from space 18432K, 99% used [0x00000000fee00000,0x00000000ffffb3c0,0x0000000100000000)
  to   space 22528K, 0% used [0x00000000fd400000,0x00000000fd400000,0x00000000fea00000)
 ParOldGen       total 93184K, used 35603K [0x00000000c0000000, 0x00000000c5b00000, 0x00000000eab00000)
  object space 93184K, 38% used [0x00000000c0000000,0x00000000c22c4e78,0x00000000c5b00000)
 Metaspace       used 63559K, capacity 68480K, committed 73472K, reserved 1114112K
  class space    used 8048K, capacity 8624K, committed 9728K, reserved 1048576K
Event: 13966.525 GC heap after
Heap after GC invocations=63 (full 23):
 PSYoungGen      total 322560K, used 0K [0x00000000eab00000, 0x0000000100000000, 0x0000000100000000)
  eden space 304128K, 0% used [0x00000000eab00000,0x00000000eab00000,0x00000000fd400000)
  from space 18432K, 0% used [0x00000000fee00000,0x00000000fee00000,0x0000000100000000)
  to   space 22528K, 0% used [0x00000000fd400000,0x00000000fd400000,0x00000000fea00000)
 ParOldGen       total 93184K, used 50994K [0x00000000c0000000, 0x00000000c5b00000, 0x00000000eab00000)
  object space 93184K, 54% used [0x00000000c0000000,0x00000000c31cc9f8,0x00000000c5b00000)
 Metaspace       used 63539K, capacity 68458K, committed 73472K, reserved 1114112K
  class space    used 8042K, capacity 8618K, committed 9728K, reserved 1048576K
}
Event: 14539.451 GC heap before
{Heap before GC invocations=64 (full 23):
 PSYoungGen      total 322560K, used 272585K [0x00000000eab00000, 0x0000000100000000, 0x0000000100000000)
  eden space 304128K, 89% used [0x00000000eab00000,0x00000000fb5327d8,0x00000000fd400000)
  from space 18432K, 0% used [0x00000000fee00000,0x00000000fee00000,0x0000000100000000)
  to   space 22528K, 0% used [0x00000000fd400000,0x00000000fd400000,0x00000000fea00000)
 ParOldGen       total 93184K, used 50994K [0x00000000c0000000, 0x00000000c5b00000, 0x00000000eab00000)
  object space 93184K, 54% used [0x00000000c0000000,0x00000000c31cc9f8,0x00000000c5b00000)
 Metaspace       used 63842K, capacity 69116K, committed 73472K, reserved 1114112K
  class space    used 8099K, capacity 8711K, committed 9728K, reserved 1048576K
Event: 14539.457 GC heap after
Heap after GC invocations=64 (full 23):
 PSYoungGen      total 326656K, used 2847K [0x00000000eab00000, 0x0000000100000000, 0x0000000100000000)
  eden space 304128K, 0% used [0x00000000eab00000,0x00000000eab00000,0x00000000fd400000)
  from space 22528K, 12% used [0x00000000fd400000,0x00000000fd6c7c50,0x00000000fea00000)
  to   space 22016K, 0% used [0x00000000fea80000,0x00000000fea80000,0x0000000100000000)
 ParOldGen       total 93184K, used 51002K [0x00000000c0000000, 0x00000000c5b00000, 0x00000000eab00000)
  object space 93184K, 54% used [0x00000000c0000000,0x00000000c31ce9f8,0x00000000c5b00000)
 Metaspace       used 63842K, capacity 69116K, committed 73472K, reserved 1114112K
  class space    used 8099K, capacity 8711K, committed 9728K, reserved 1048576K
}
Event: 14539.457 GC heap before
{Heap before GC invocations=65 (full 24):
 PSYoungGen      total 326656K, used 2847K [0x00000000eab00000, 0x0000000100000000, 0x0000000100000000)
  eden space 304128K, 0% used [0x00000000eab00000,0x00000000eab00000,0x00000000fd400000)
  from space 22528K, 12% used [0x00000000fd400000,0x00000000fd6c7c50,0x00000000fea00000)
  to   space 22016K, 0% used [0x00000000fea80000,0x00000000fea80000,0x0000000100000000)
 ParOldGen       total 93184K, used 51002K [0x00000000c0000000, 0x00000000c5b00000, 0x00000000eab00000)
  object space 93184K, 54% used [0x00000000c0000000,0x00000000c31ce9f8,0x00000000c5b00000)
 Metaspace       used 63842K, capacity 69116K, committed 73472K, reserved 1114112K
  class space    used 8099K, capacity 8711K, committed 9728K, reserved 1048576K
Event: 14539.648 GC heap after
Heap after GC invocations=65 (full 24):
 PSYoungGen      total 326656K, used 0K [0x00000000eab00000, 0x0000000100000000, 0x0000000100000000)
  eden space 304128K, 0% used [0x00000000eab00000,0x00000000eab00000,0x00000000fd400000)
  from space 22528K, 0% used [0x00000000fd400000,0x00000000fd400000,0x00000000fea00000)
  to   space 22016K, 0% used [0x00000000fea80000,0x00000000fea80000,0x0000000100000000)
 ParOldGen       total 93184K, used 52725K [0x00000000c0000000, 0x00000000c5b00000, 0x00000000eab00000)
  object space 93184K, 56% used [0x00000000c0000000,0x00000000c337d7f0,0x00000000c5b00000)
 Metaspace       used 63842K, capacity 69116K, committed 73472K, reserved 1114112K
  class space    used 8099K, capacity 8711K, committed 9728K, reserved 1048576K
}
Event: 24183.479 GC heap before
{Heap before GC invocations=66 (full 24):
 PSYoungGen      total 326656K, used 263240K [0x00000000eab00000, 0x0000000100000000, 0x0000000100000000)
  eden space 304128K, 86% used [0x00000000eab00000,0x00000000fac12320,0x00000000fd400000)
  from space 22528K, 0% used [0x00000000fd400000,0x00000000fd400000,0x00000000fea00000)
  to   space 22016K, 0% used [0x00000000fea80000,0x00000000fea80000,0x0000000100000000)
 ParOldGen       total 93184K, used 52725K [0x00000000c0000000, 0x00000000c5b00000, 0x00000000eab00000)
  object space 93184K, 56% used [0x00000000c0000000,0x00000000c337d7f0,0x00000000c5b00000)
 Metaspace       used 64474K, capacity 70224K, committed 73472K, reserved 1114112K
  class space    used 8204K, capacity 8866K, committed 9728K, reserved 1048576K
Event: 24183.490 GC heap after
Heap after GC invocations=66 (full 24):
 PSYoungGen      total 327680K, used 5596K [0x00000000eab00000, 0x0000000100000000, 0x0000000100000000)
  eden space 305664K, 0% used [0x00000000eab00000,0x00000000eab00000,0x00000000fd580000)
  from space 22016K, 25% used [0x00000000fea80000,0x00000000feff73f0,0x0000000100000000)
  to   space 21504K, 0% used [0x00000000fd580000,0x00000000fd580000,0x00000000fea80000)
 ParOldGen       total 93184K, used 52733K [0x00000000c0000000, 0x00000000c5b00000, 0x00000000eab00000)
  object space 93184K, 56% used [0x00000000c0000000,0x00000000c337f7f0,0x00000000c5b00000)
 Metaspace       used 64474K, capacity 70224K, committed 73472K, reserved 1114112K
  class space    used 8204K, capacity 8866K, committed 9728K, reserved 1048576K
}
Event: 24183.490 GC heap before
{Heap before GC invocations=67 (full 25):
 PSYoungGen      total 327680K, used 5596K [0x00000000eab00000, 0x0000000100000000, 0x0000000100000000)
  eden space 305664K, 0% used [0x00000000eab00000,0x00000000eab00000,0x00000000fd580000)
  from space 22016K, 25% used [0x00000000fea80000,0x00000000feff73f0,0x0000000100000000)
  to   space 21504K, 0% used [0x00000000fd580000,0x00000000fd580000,0x00000000fea80000)
 ParOldGen       total 93184K, used 52733K [0x00000000c0000000, 0x00000000c5b00000, 0x00000000eab00000)
  object space 93184K, 56% used [0x00000000c0000000,0x00000000c337f7f0,0x00000000c5b00000)
 Metaspace       used 64474K, capacity 70224K, committed 73472K, reserved 1114112K
  class space    used 8204K, capacity 8866K, committed 9728K, reserved 1048576K
Event: 24183.694 GC heap after
Heap after GC invocations=67 (full 25):
 PSYoungGen      total 327680K, used 0K [0x00000000eab00000, 0x0000000100000000, 0x0000000100000000)
  eden space 305664K, 0% used [0x00000000eab00000,0x00000000eab00000,0x00000000fd580000)
  from space 22016K, 0% used [0x00000000fea80000,0x00000000fea80000,0x0000000100000000)
  to   space 21504K, 0% used [0x00000000fd580000,0x00000000fd580000,0x00000000fea80000)
 ParOldGen       total 93184K, used 32732K [0x00000000c0000000, 0x00000000c5b00000, 0x00000000eab00000)
  object space 93184K, 35% used [0x00000000c0000000,0x00000000c1ff7030,0x00000000c5b00000)
 Metaspace       used 62185K, capacity 66168K, committed 73472K, reserved 1114112K
  class space    used 7684K, capacity 7927K, committed 9728K, reserved 1048576K
}

