# JRE version: Java(TM) SE Runtime Environment (8.0_74-b02) (build 1.8.0_74-b02)
# Java VM: Java HotSpot(TM) 64-Bit Server VM (25.74-b02 mixed mode windows-amd64 compressed oops)
Heap:
 PSYoungGen      total 273920K, used 77234K [0x00000000eab00000, 0x00000000fd100000, 0x0000000100000000)
  eden space 255488K, 23% used [0x00000000eab00000,0x00000000ee46fad8,0x00000000fa480000)
  from space 18432K, 99% used [0x00000000fba80000,0x00000000fcc7cf30,0x00000000fcc80000)
  to   space 22528K, 0% used [0x00000000fa480000,0x00000000fa480000,0x00000000fba80000)
 ParOldGen       total 98816K, used 21261K [0x00000000c0000000, 0x00000000c6080000, 0x00000000eab00000)
  object space 98816K, 21% used [0x00000000c0000000,0x00000000c14c37e0,0x00000000c6080000)
 Metaspace       used 42233K, capacity 43548K, committed 43904K, reserved 1087488K
  class space    used 5785K, capacity 6175K, committed 6272K, reserved 1048576K
GC Heap History (10 events):
Event: 4.765 GC heap before
{Heap before GC invocations=6 (full 1):
 PSYoungGen      total 103936K, used 103656K [0x00000000eab00000, 0x00000000f3480000, 0x0000000100000000)
  eden space 101376K, 100% used [0x00000000eab00000,0x00000000f0e00000,0x00000000f0e00000)
  from space 2560K, 89% used [0x00000000f3200000,0x00000000f343a298,0x00000000f3480000)
  to   space 5120K, 0% used [0x00000000f2a80000,0x00000000f2a80000,0x00000000f2f80000)
 ParOldGen       total 68608K, used 11653K [0x00000000c0000000, 0x00000000c4300000, 0x00000000eab00000)
  object space 68608K, 16% used [0x00000000c0000000,0x00000000c0b61720,0x00000000c4300000)
 Metaspace       used 22276K, capacity 22690K, committed 22784K, reserved 1069056K
  class space    used 2855K, capacity 2990K, committed 3072K, reserved 1048576K
Event: 4.783 GC heap after
Heap after GC invocations=6 (full 1):
 PSYoungGen      total 135680K, used 2848K [0x00000000eab00000, 0x00000000f6680000, 0x0000000100000000)
  eden space 130560K, 0% used [0x00000000eab00000,0x00000000eab00000,0x00000000f2a80000)
  from space 5120K, 55% used [0x00000000f2a80000,0x00000000f2d48030,0x00000000f2f80000)
  to   space 13312K, 0% used [0x00000000f5980000,0x00000000f5980000,0x00000000f6680000)
 ParOldGen       total 68608K, used 11653K [0x00000000c0000000, 0x00000000c4300000, 0x00000000eab00000)
  object space 68608K, 16% used [0x00000000c0000000,0x00000000c0b61720,0x00000000c4300000)
 Metaspace       used 22276K, capacity 22690K, committed 22784K, reserved 1069056K
  class space    used 2855K, capacity 2990K, committed 3072K, reserved 1048576K
}
Event: 6.368 GC heap before
{Heap before GC invocations=7 (full 1):
 PSYoungGen      total 135680K, used 133408K [0x00000000eab00000, 0x00000000f6680000, 0x0000000100000000)
  eden space 130560K, 100% used [0x00000000eab00000,0x00000000f2a80000,0x00000000f2a80000)
  from space 5120K, 55% used [0x00000000f2a80000,0x00000000f2d48030,0x00000000f2f80000)
  to   space 13312K, 0% used [0x00000000f5980000,0x00000000f5980000,0x00000000f6680000)
 ParOldGen       total 68608K, used 11653K [0x00000000c0000000, 0x00000000c4300000, 0x00000000eab00000)
  object space 68608K, 16% used [0x00000000c0000000,0x00000000c0b61720,0x00000000c4300000)
 Metaspace       used 30506K, capacity 31250K, committed 31488K, reserved 1077248K
  class space    used 4065K, capacity 4231K, committed 4352K, reserved 1048576K
Event: 6.402 GC heap after
Heap after GC invocations=7 (full 1):
 PSYoungGen      total 175616K, used 13260K [0x00000000eab00000, 0x00000000f9800000, 0x0000000100000000)
  eden space 162304K, 0% used [0x00000000eab00000,0x00000000eab00000,0x00000000f4980000)
  from space 13312K, 99% used [0x00000000f5980000,0x00000000f66731b8,0x00000000f6680000)
  to   space 16384K, 0% used [0x00000000f4980000,0x00000000f4980000,0x00000000f5980000)
 ParOldGen       total 68608K, used 11714K [0x00000000c0000000, 0x00000000c4300000, 0x00000000eab00000)
  object space 68608K, 17% used [0x00000000c0000000,0x00000000c0b70810,0x00000000c4300000)
 Metaspace       used 30506K, capacity 31250K, committed 31488K, reserved 1077248K
  class space    used 4065K, capacity 4231K, committed 4352K, reserved 1048576K
}
Event: 7.807 GC heap before
{Heap before GC invocations=8 (full 1):
 PSYoungGen      total 175616K, used 99118K [0x00000000eab00000, 0x00000000f9800000, 0x0000000100000000)
  eden space 162304K, 52% used [0x00000000eab00000,0x00000000efed87f0,0x00000000f4980000)
  from space 13312K, 99% used [0x00000000f5980000,0x00000000f66731b8,0x00000000f6680000)
  to   space 16384K, 0% used [0x00000000f4980000,0x00000000f4980000,0x00000000f5980000)
 ParOldGen       total 68608K, used 11714K [0x00000000c0000000, 0x00000000c4300000, 0x00000000eab00000)
  object space 68608K, 17% used [0x00000000c0000000,0x00000000c0b70810,0x00000000c4300000)
 Metaspace       used 34656K, capacity 35436K, committed 35496K, reserved 1079296K
  class space    used 4636K, capacity 4836K, committed 4864K, reserved 1048576K
Event: 7.848 GC heap after
Heap after GC invocations=8 (full 1):
 PSYoungGen      total 178688K, used 13809K [0x00000000eab00000, 0x00000000fcc80000, 0x0000000100000000)
  eden space 162304K, 0% used [0x00000000eab00000,0x00000000eab00000,0x00000000f4980000)
  from space 16384K, 84% used [0x00000000f4980000,0x00000000f56fc5b8,0x00000000f5980000)
  to   space 18432K, 0% used [0x00000000fba80000,0x00000000fba80000,0x00000000fcc80000)
 ParOldGen       total 68608K, used 11722K [0x00000000c0000000, 0x00000000c4300000, 0x00000000eab00000)
  object space 68608K, 17% used [0x00000000c0000000,0x00000000c0b72810,0x00000000c4300000)
 Metaspace       used 34656K, capacity 35436K, committed 35496K, reserved 1079296K
  class space    used 4636K, capacity 4836K, committed 4864K, reserved 1048576K
}
Event: 7.848 GC heap before
{Heap before GC invocations=9 (full 2):
 PSYoungGen      total 178688K, used 13809K [0x00000000eab00000, 0x00000000fcc80000, 0x0000000100000000)
  eden space 162304K, 0% used [0x00000000eab00000,0x00000000eab00000,0x00000000f4980000)
  from space 16384K, 84% used [0x00000000f4980000,0x00000000f56fc5b8,0x00000000f5980000)
  to   space 18432K, 0% used [0x00000000fba80000,0x00000000fba80000,0x00000000fcc80000)
 ParOldGen       total 68608K, used 11722K [0x00000000c0000000, 0x00000000c4300000, 0x00000000eab00000)
  object space 68608K, 17% used [0x00000000c0000000,0x00000000c0b72810,0x00000000c4300000)
 Metaspace       used 34656K, capacity 35436K, committed 35496K, reserved 1079296K
  class space    used 4636K, capacity 4836K, committed 4864K, reserved 1048576K
Event: 7.987 GC heap after
Heap after GC invocations=9 (full 2):
 PSYoungGen      total 178688K, used 0K [0x00000000eab00000, 0x00000000fcc80000, 0x0000000100000000)
  eden space 162304K, 0% used [0x00000000eab00000,0x00000000eab00000,0x00000000f4980000)
  from space 16384K, 0% used [0x00000000f4980000,0x00000000f4980000,0x00000000f5980000)
  to   space 18432K, 0% used [0x00000000fba80000,0x00000000fba80000,0x00000000fcc80000)
 ParOldGen       total 98816K, used 19805K [0x00000000c0000000, 0x00000000c6080000, 0x00000000eab00000)
  object space 98816K, 20% used [0x00000000c0000000,0x00000000c1357760,0x00000000c6080000)
 Metaspace       used 34617K, capacity 35392K, committed 35496K, reserved 1079296K
  class space    used 4624K, capacity 4824K, committed 4864K, reserved 1048576K
}
Event: 11.071 GC heap before
{Heap before GC invocations=10 (full 2):
 PSYoungGen      total 178688K, used 162304K [0x00000000eab00000, 0x00000000fcc80000, 0x0000000100000000)
  eden space 162304K, 100% used [0x00000000eab00000,0x00000000f4980000,0x00000000f4980000)
  from space 16384K, 0% used [0x00000000f4980000,0x00000000f4980000,0x00000000f5980000)
  to   space 18432K, 0% used [0x00000000fba80000,0x00000000fba80000,0x00000000fcc80000)
 ParOldGen       total 98816K, used 19805K [0x00000000c0000000, 0x00000000c6080000, 0x00000000eab00000)
  object space 98816K, 20% used [0x00000000c0000000,0x00000000c1357760,0x00000000c6080000)
 Metaspace       used 40543K, capacity 41630K, committed 41856K, reserved 1085440K
  class space    used 5482K, capacity 5756K, committed 5760K, reserved 1048576K
Event: 11.273 GC heap after
Heap after GC invocations=10 (full 2):
 PSYoungGen      total 273920K, used 18419K [0x00000000eab00000, 0x00000000fd100000, 0x0000000100000000)
  eden space 255488K, 0% used [0x00000000eab00000,0x00000000eab00000,0x00000000fa480000)
  from space 18432K, 99% used [0x00000000fba80000,0x00000000fcc7cf30,0x00000000fcc80000)
  to   space 22528K, 0% used [0x00000000fa480000,0x00000000fa480000,0x00000000fba80000)
 ParOldGen       total 98816K, used 21261K [0x00000000c0000000, 0x00000000c6080000, 0x00000000eab00000)
  object space 98816K, 21% used [0x00000000c0000000,0x00000000c14c37e0,0x00000000c6080000)
 Metaspace       used 40543K, capacity 41630K, committed 41856K, reserved 1085440K
  class space    used 5482K, capacity 5756K, committed 5760K, reserved 1048576K
}

